Determining if the pthread_create exist failed with the following output:
Change Dir: /home/igobarros/Documents/Reconheciment0_facial_com_python_dlib/materials/dlib-19.17/tools/imglab/build/CMakeFiles/CMakeTmp

Run Build Command:"/usr/bin/make" "cmTC_be417/fast"
/usr/bin/make -f CMakeFiles/cmTC_be417.dir/build.make CMakeFiles/cmTC_be417.dir/build
make[1]: Entering directory '/home/igobarros/Documents/Reconheciment0_facial_com_python_dlib/materials/dlib-19.17/tools/imglab/build/CMakeFiles/CMakeTmp'
Building C object CMakeFiles/cmTC_be417.dir/CheckSymbolExists.c.o
/usr/bin/cc    -o CMakeFiles/cmTC_be417.dir/CheckSymbolExists.c.o   -c /home/igobarros/Documents/Reconheciment0_facial_com_python_dlib/materials/dlib-19.17/tools/imglab/build/CMakeFiles/CMakeTmp/CheckSymbolExists.c
Linking C executable cmTC_be417
/usr/bin/cmake -E cmake_link_script CMakeFiles/cmTC_be417.dir/link.txt --verbose=1
/usr/bin/cc      -rdynamic CMakeFiles/cmTC_be417.dir/CheckSymbolExists.c.o  -o cmTC_be417 
CMakeFiles/cmTC_be417.dir/CheckSymbolExists.c.o: In function `main':
CheckSymbolExists.c:(.text+0x1b): undefined reference to `pthread_create'
collect2: error: ld returned 1 exit status
CMakeFiles/cmTC_be417.dir/build.make:97: recipe for target 'cmTC_be417' failed
make[1]: *** [cmTC_be417] Error 1
make[1]: Leaving directory '/home/igobarros/Documents/Reconheciment0_facial_com_python_dlib/materials/dlib-19.17/tools/imglab/build/CMakeFiles/CMakeTmp'
Makefile:126: recipe for target 'cmTC_be417/fast' failed
make: *** [cmTC_be417/fast] Error 2

File /home/igobarros/Documents/Reconheciment0_facial_com_python_dlib/materials/dlib-19.17/tools/imglab/build/CMakeFiles/CMakeTmp/CheckSymbolExists.c:
/* */
#include <pthread.h>

int main(int argc, char** argv)
{
  (void)argv;
#ifndef pthread_create
  return ((int*)(&pthread_create))[argc];
#else
  (void)argc;
  return 0;
#endif
}

Determining if the function pthread_create exists in the pthreads failed with the following output:
Change Dir: /home/igobarros/Documents/Reconheciment0_facial_com_python_dlib/materials/dlib-19.17/tools/imglab/build/CMakeFiles/CMakeTmp

Run Build Command:"/usr/bin/make" "cmTC_f5f8e/fast"
/usr/bin/make -f CMakeFiles/cmTC_f5f8e.dir/build.make CMakeFiles/cmTC_f5f8e.dir/build
make[1]: Entering directory '/home/igobarros/Documents/Reconheciment0_facial_com_python_dlib/materials/dlib-19.17/tools/imglab/build/CMakeFiles/CMakeTmp'
Building C object CMakeFiles/cmTC_f5f8e.dir/CheckFunctionExists.c.o
/usr/bin/cc   -DCHECK_FUNCTION_EXISTS=pthread_create   -o CMakeFiles/cmTC_f5f8e.dir/CheckFunctionExists.c.o   -c /usr/share/cmake-3.10/Modules/CheckFunctionExists.c
Linking C executable cmTC_f5f8e
/usr/bin/cmake -E cmake_link_script CMakeFiles/cmTC_f5f8e.dir/link.txt --verbose=1
/usr/bin/cc  -DCHECK_FUNCTION_EXISTS=pthread_create    -rdynamic CMakeFiles/cmTC_f5f8e.dir/CheckFunctionExists.c.o  -o cmTC_f5f8e -lpthreads 
/usr/bin/ld: cannot find -lpthreads
collect2: error: ld returned 1 exit status
CMakeFiles/cmTC_f5f8e.dir/build.make:97: recipe for target 'cmTC_f5f8e' failed
make[1]: *** [cmTC_f5f8e] Error 1
make[1]: Leaving directory '/home/igobarros/Documents/Reconheciment0_facial_com_python_dlib/materials/dlib-19.17/tools/imglab/build/CMakeFiles/CMakeTmp'
Makefile:126: recipe for target 'cmTC_f5f8e/fast' failed
make: *** [cmTC_f5f8e/fast] Error 2


Determining if the function sgesv exists failed with the following output:
Change Dir: /home/igobarros/Documents/Reconheciment0_facial_com_python_dlib/materials/dlib-19.17/tools/imglab/build/CMakeFiles/CMakeTmp

Run Build Command:"/usr/bin/make" "cmTC_b90a7/fast"
/usr/bin/make -f CMakeFiles/cmTC_b90a7.dir/build.make CMakeFiles/cmTC_b90a7.dir/build
make[1]: Entering directory '/home/igobarros/Documents/Reconheciment0_facial_com_python_dlib/materials/dlib-19.17/tools/imglab/build/CMakeFiles/CMakeTmp'
Building C object CMakeFiles/cmTC_b90a7.dir/CheckFunctionExists.c.o
/usr/bin/cc   -DCHECK_FUNCTION_EXISTS=sgesv   -o CMakeFiles/cmTC_b90a7.dir/CheckFunctionExists.c.o   -c /usr/share/cmake-3.10/Modules/CheckFunctionExists.c
Linking C executable cmTC_b90a7
/usr/bin/cmake -E cmake_link_script CMakeFiles/cmTC_b90a7.dir/link.txt --verbose=1
/usr/bin/cc  -DCHECK_FUNCTION_EXISTS=sgesv    -rdynamic CMakeFiles/cmTC_b90a7.dir/CheckFunctionExists.c.o  -o cmTC_b90a7 
CMakeFiles/cmTC_b90a7.dir/CheckFunctionExists.c.o: In function `main':
CheckFunctionExists.c:(.text+0x10): undefined reference to `sgesv'
collect2: error: ld returned 1 exit status
CMakeFiles/cmTC_b90a7.dir/build.make:97: recipe for target 'cmTC_b90a7' failed
make[1]: *** [cmTC_b90a7] Error 1
make[1]: Leaving directory '/home/igobarros/Documents/Reconheciment0_facial_com_python_dlib/materials/dlib-19.17/tools/imglab/build/CMakeFiles/CMakeTmp'
Makefile:126: recipe for target 'cmTC_b90a7/fast' failed
make: *** [cmTC_b90a7/fast] Error 2


Determining if the function sgesv_ exists failed with the following output:
Change Dir: /home/igobarros/Documents/Reconheciment0_facial_com_python_dlib/materials/dlib-19.17/tools/imglab/build/CMakeFiles/CMakeTmp

Run Build Command:"/usr/bin/make" "cmTC_affdd/fast"
/usr/bin/make -f CMakeFiles/cmTC_affdd.dir/build.make CMakeFiles/cmTC_affdd.dir/build
make[1]: Entering directory '/home/igobarros/Documents/Reconheciment0_facial_com_python_dlib/materials/dlib-19.17/tools/imglab/build/CMakeFiles/CMakeTmp'
Building C object CMakeFiles/cmTC_affdd.dir/CheckFunctionExists.c.o
/usr/bin/cc   -DCHECK_FUNCTION_EXISTS=sgesv_   -o CMakeFiles/cmTC_affdd.dir/CheckFunctionExists.c.o   -c /usr/share/cmake-3.10/Modules/CheckFunctionExists.c
Linking C executable cmTC_affdd
/usr/bin/cmake -E cmake_link_script CMakeFiles/cmTC_affdd.dir/link.txt --verbose=1
/usr/bin/cc  -DCHECK_FUNCTION_EXISTS=sgesv_    -rdynamic CMakeFiles/cmTC_affdd.dir/CheckFunctionExists.c.o  -o cmTC_affdd 
CMakeFiles/cmTC_affdd.dir/CheckFunctionExists.c.o: In function `main':
CheckFunctionExists.c:(.text+0x10): undefined reference to `sgesv_'
collect2: error: ld returned 1 exit status
CMakeFiles/cmTC_affdd.dir/build.make:97: recipe for target 'cmTC_affdd' failed
make[1]: *** [cmTC_affdd] Error 1
make[1]: Leaving directory '/home/igobarros/Documents/Reconheciment0_facial_com_python_dlib/materials/dlib-19.17/tools/imglab/build/CMakeFiles/CMakeTmp'
Makefile:126: recipe for target 'cmTC_affdd/fast' failed
make: *** [cmTC_affdd/fast] Error 2


